<?xml version="1.0" encoding="UTF-8"?>
<testsuite xmlns:xsi="http://www.w3.org/2001/XMLSchema-instance" xsi:noNamespaceSchemaLocation="https://maven.apache.org/surefire/maven-surefire-plugin/xsd/surefire-test-report-3.0.xsd" version="3.0" name="com.example.CommentApiTest" time="7.678" tests="2" errors="0" skipped="0" failures="0">
  <properties>
    <property name="java.specification.version" value="21"/>
    <property name="sun.jnu.encoding" value="UTF-8"/>
    <property name="java.class.path" value="/home/spacelandge/Apply/RESTASSURED_TEST/restassured-api-test/target/test-classes:/home/spacelandge/Apply/RESTASSURED_TEST/restassured-api-test/target/classes:/home/spacelandge/.m2/repository/io/rest-assured/rest-assured/5.4.0/rest-assured-5.4.0.jar:/home/spacelandge/.m2/repository/org/apache/groovy/groovy/4.0.16/groovy-4.0.16.jar:/home/spacelandge/.m2/repository/org/apache/groovy/groovy-xml/4.0.16/groovy-xml-4.0.16.jar:/home/spacelandge/.m2/repository/org/apache/httpcomponents/httpclient/4.5.13/httpclient-4.5.13.jar:/home/spacelandge/.m2/repository/org/apache/httpcomponents/httpcore/4.4.13/httpcore-4.4.13.jar:/home/spacelandge/.m2/repository/commons-logging/commons-logging/1.2/commons-logging-1.2.jar:/home/spacelandge/.m2/repository/commons-codec/commons-codec/1.11/commons-codec-1.11.jar:/home/spacelandge/.m2/repository/org/apache/httpcomponents/httpmime/4.5.13/httpmime-4.5.13.jar:/home/spacelandge/.m2/repository/org/hamcrest/hamcrest/2.2/hamcrest-2.2.jar:/home/spacelandge/.m2/repository/org/ccil/cowan/tagsoup/tagsoup/1.2.1/tagsoup-1.2.1.jar:/home/spacelandge/.m2/repository/io/rest-assured/json-path/5.4.0/json-path-5.4.0.jar:/home/spacelandge/.m2/repository/org/apache/groovy/groovy-json/4.0.16/groovy-json-4.0.16.jar:/home/spacelandge/.m2/repository/io/rest-assured/rest-assured-common/5.4.0/rest-assured-common-5.4.0.jar:/home/spacelandge/.m2/repository/io/rest-assured/xml-path/5.4.0/xml-path-5.4.0.jar:/home/spacelandge/.m2/repository/org/apache/commons/commons-lang3/3.11/commons-lang3-3.11.jar:/home/spacelandge/.m2/repository/org/junit/jupiter/junit-jupiter/5.9.3/junit-jupiter-5.9.3.jar:/home/spacelandge/.m2/repository/org/junit/jupiter/junit-jupiter-api/5.9.3/junit-jupiter-api-5.9.3.jar:/home/spacelandge/.m2/repository/org/opentest4j/opentest4j/1.2.0/opentest4j-1.2.0.jar:/home/spacelandge/.m2/repository/org/junit/platform/junit-platform-commons/1.9.3/junit-platform-commons-1.9.3.jar:/home/spacelandge/.m2/repository/org/apiguardian/apiguardian-api/1.1.2/apiguardian-api-1.1.2.jar:/home/spacelandge/.m2/repository/org/junit/jupiter/junit-jupiter-params/5.9.3/junit-jupiter-params-5.9.3.jar:/home/spacelandge/.m2/repository/org/junit/jupiter/junit-jupiter-engine/5.9.3/junit-jupiter-engine-5.9.3.jar:/home/spacelandge/.m2/repository/org/junit/platform/junit-platform-engine/1.9.3/junit-platform-engine-1.9.3.jar:/home/spacelandge/.m2/repository/junit/junit/4.13.2/junit-4.13.2.jar:/home/spacelandge/.m2/repository/org/hamcrest/hamcrest-core/1.3/hamcrest-core-1.3.jar:"/>
    <property name="java.vm.vendor" value="Ubuntu"/>
    <property name="sun.arch.data.model" value="64"/>
    <property name="java.vendor.url" value="https://ubuntu.com/"/>
    <property name="user.timezone" value="Asia/Kolkata"/>
    <property name="os.name" value="Linux"/>
    <property name="java.vm.specification.version" value="21"/>
    <property name="sun.java.launcher" value="SUN_STANDARD"/>
    <property name="user.country" value="US"/>
    <property name="sun.boot.library.path" value="/usr/lib/jvm/java-21-openjdk-amd64/lib"/>
    <property name="sun.java.command" value="/home/spacelandge/Apply/RESTASSURED_TEST/restassured-api-test/target/surefire/surefirebooter-20250607221210370_3.jar /home/spacelandge/Apply/RESTASSURED_TEST/restassured-api-test/target/surefire 2025-06-07T22-12-09_974-jvmRun1 surefire-20250607221210370_1tmp surefire_0-20250607221210370_2tmp"/>
    <property name="jdk.debug" value="release"/>
    <property name="test" value="CommentApiTest"/>
    <property name="surefire.test.class.path" value="/home/spacelandge/Apply/RESTASSURED_TEST/restassured-api-test/target/test-classes:/home/spacelandge/Apply/RESTASSURED_TEST/restassured-api-test/target/classes:/home/spacelandge/.m2/repository/io/rest-assured/rest-assured/5.4.0/rest-assured-5.4.0.jar:/home/spacelandge/.m2/repository/org/apache/groovy/groovy/4.0.16/groovy-4.0.16.jar:/home/spacelandge/.m2/repository/org/apache/groovy/groovy-xml/4.0.16/groovy-xml-4.0.16.jar:/home/spacelandge/.m2/repository/org/apache/httpcomponents/httpclient/4.5.13/httpclient-4.5.13.jar:/home/spacelandge/.m2/repository/org/apache/httpcomponents/httpcore/4.4.13/httpcore-4.4.13.jar:/home/spacelandge/.m2/repository/commons-logging/commons-logging/1.2/commons-logging-1.2.jar:/home/spacelandge/.m2/repository/commons-codec/commons-codec/1.11/commons-codec-1.11.jar:/home/spacelandge/.m2/repository/org/apache/httpcomponents/httpmime/4.5.13/httpmime-4.5.13.jar:/home/spacelandge/.m2/repository/org/hamcrest/hamcrest/2.2/hamcrest-2.2.jar:/home/spacelandge/.m2/repository/org/ccil/cowan/tagsoup/tagsoup/1.2.1/tagsoup-1.2.1.jar:/home/spacelandge/.m2/repository/io/rest-assured/json-path/5.4.0/json-path-5.4.0.jar:/home/spacelandge/.m2/repository/org/apache/groovy/groovy-json/4.0.16/groovy-json-4.0.16.jar:/home/spacelandge/.m2/repository/io/rest-assured/rest-assured-common/5.4.0/rest-assured-common-5.4.0.jar:/home/spacelandge/.m2/repository/io/rest-assured/xml-path/5.4.0/xml-path-5.4.0.jar:/home/spacelandge/.m2/repository/org/apache/commons/commons-lang3/3.11/commons-lang3-3.11.jar:/home/spacelandge/.m2/repository/org/junit/jupiter/junit-jupiter/5.9.3/junit-jupiter-5.9.3.jar:/home/spacelandge/.m2/repository/org/junit/jupiter/junit-jupiter-api/5.9.3/junit-jupiter-api-5.9.3.jar:/home/spacelandge/.m2/repository/org/opentest4j/opentest4j/1.2.0/opentest4j-1.2.0.jar:/home/spacelandge/.m2/repository/org/junit/platform/junit-platform-commons/1.9.3/junit-platform-commons-1.9.3.jar:/home/spacelandge/.m2/repository/org/apiguardian/apiguardian-api/1.1.2/apiguardian-api-1.1.2.jar:/home/spacelandge/.m2/repository/org/junit/jupiter/junit-jupiter-params/5.9.3/junit-jupiter-params-5.9.3.jar:/home/spacelandge/.m2/repository/org/junit/jupiter/junit-jupiter-engine/5.9.3/junit-jupiter-engine-5.9.3.jar:/home/spacelandge/.m2/repository/org/junit/platform/junit-platform-engine/1.9.3/junit-platform-engine-1.9.3.jar:/home/spacelandge/.m2/repository/junit/junit/4.13.2/junit-4.13.2.jar:/home/spacelandge/.m2/repository/org/hamcrest/hamcrest-core/1.3/hamcrest-core-1.3.jar:"/>
    <property name="sun.cpu.endian" value="little"/>
    <property name="user.home" value="/home/spacelandge"/>
    <property name="user.language" value="en"/>
    <property name="java.specification.vendor" value="Oracle Corporation"/>
    <property name="java.version.date" value="2025-04-15"/>
    <property name="java.home" value="/usr/lib/jvm/java-21-openjdk-amd64"/>
    <property name="file.separator" value="/"/>
    <property name="basedir" value="/home/spacelandge/Apply/RESTASSURED_TEST/restassured-api-test"/>
    <property name="java.vm.compressedOopsMode" value="Zero based"/>
    <property name="line.separator" value="&#10;"/>
    <property name="java.specification.name" value="Java Platform API Specification"/>
    <property name="java.vm.specification.vendor" value="Oracle Corporation"/>
    <property name="surefire.real.class.path" value="/home/spacelandge/Apply/RESTASSURED_TEST/restassured-api-test/target/surefire/surefirebooter-20250607221210370_3.jar"/>
    <property name="sun.management.compiler" value="HotSpot 64-Bit Tiered Compilers"/>
    <property name="java.runtime.version" value="21.0.7+6-Ubuntu-0ubuntu124.04"/>
    <property name="user.name" value="spacelandge"/>
    <property name="stdout.encoding" value="UTF-8"/>
    <property name="path.separator" value=":"/>
    <property name="os.version" value="6.11.0-26-generic"/>
    <property name="java.runtime.name" value="OpenJDK Runtime Environment"/>
    <property name="file.encoding" value="UTF-8"/>
    <property name="java.vm.name" value="OpenJDK 64-Bit Server VM"/>
    <property name="localRepository" value="/home/spacelandge/.m2/repository"/>
    <property name="java.vendor.url.bug" value="https://bugs.launchpad.net/ubuntu/+source/openjdk-21"/>
    <property name="java.io.tmpdir" value="/tmp"/>
    <property name="java.version" value="21.0.7"/>
    <property name="user.dir" value="/home/spacelandge/Apply/RESTASSURED_TEST/restassured-api-test"/>
    <property name="os.arch" value="amd64"/>
    <property name="java.vm.specification.name" value="Java Virtual Machine Specification"/>
    <property name="native.encoding" value="UTF-8"/>
    <property name="java.library.path" value="/usr/java/packages/lib:/usr/lib/x86_64-linux-gnu/jni:/lib/x86_64-linux-gnu:/usr/lib/x86_64-linux-gnu:/usr/lib/jni:/lib:/usr/lib"/>
    <property name="java.vm.info" value="mixed mode, sharing"/>
    <property name="stderr.encoding" value="UTF-8"/>
    <property name="java.vendor" value="Ubuntu"/>
    <property name="java.vm.version" value="21.0.7+6-Ubuntu-0ubuntu124.04"/>
    <property name="sun.io.unicode.encoding" value="UnicodeLittle"/>
    <property name="java.class.version" value="65.0"/>
  </properties>
  <testcase name="getComment_shouldReturnResource" classname="com.example.CommentApiTest" time="6.767">
    <system-out><![CDATA[Request method:	GET
Request URI:	https://jsonplaceholder.typicode.com/posts/12
Proxy:			<none>
Request params:	<none>
Query params:	<none>
Form params:	<none>
Path params:	<none>
Headers:		Accept=*/*
Cookies:		<none>
Multiparts:		<none>
Body:			<none>
{
    "userId": 2,
    "id": 12,
    "title": "in quibusdam tempore odit est dolorem",
    "body": "itaque id aut magnam\npraesentium quia et ea odit et ea voluptas et\nsapiente quia nihil amet occaecati quia id voluptatem\nincidunt ea est distinctio odio"
}
]]></system-out>
  </testcase>
  <testcase name="postComment_shouldReturnCorrectData" classname="com.example.CommentApiTest" time="0.835">
    <system-out><![CDATA[Request method:	POST
Request URI:	https://jsonplaceholder.typicode.com/comments
Proxy:			<none>
Request params:	<none>
Query params:	<none>
Form params:	<none>
Path params:	<none>
Headers:		Accept=*/*
				Content-Type=application/json
Cookies:		<none>
Multiparts:		<none>
Body:
{
    "postId": 1,
    "name": "Test User",
    "email": "test@example.com",
    "body": "This is a test comment."
}
HTTP/1.1 201 Created
Date: Sat, 07 Jun 2025 16:42:19 GMT
Content-Type: application/json; charset=utf-8
Content-Length: 121
Connection: keep-alive
Access-Control-Allow-Credentials: true
Access-Control-Expose-Headers: Location
Cache-Control: no-cache
Etag: W/"79-h221OaOiL4L9jsJq9aftXTPdgAE"
Expires: -1
Location: https://jsonplaceholder.typicode.com/comments/501
Nel: {"report_to":"heroku-nel","response_headers":["Via"],"max_age":3600,"success_fraction":0.01,"failure_fraction":0.1}
Pragma: no-cache
Report-To: {"group":"heroku-nel","endpoints":[{"url":"https://nel.heroku.com/reports?s=GprWj84SY88l46xCupiyK1qSKZcAoi31594Sr1dBXCA%3D\u0026sid=e11707d5-02a7-43ef-b45e-2cf4d2036f7d\u0026ts=1749314539"}],"max_age":3600}
Reporting-Endpoints: heroku-nel="https://nel.heroku.com/reports?s=GprWj84SY88l46xCupiyK1qSKZcAoi31594Sr1dBXCA%3D&sid=e11707d5-02a7-43ef-b45e-2cf4d2036f7d&ts=1749314539"
Server: cloudflare
Vary: Origin, X-HTTP-Method-Override, Accept-Encoding
Via: 2.0 heroku-router
X-Content-Type-Options: nosniff
X-Powered-By: Express
X-Ratelimit-Limit: 1000
X-Ratelimit-Remaining: 999
X-Ratelimit-Reset: 1749314584
Cf-Cache-Status: DYNAMIC
CF-RAY: 94c19a1e19e13302-LHR
alt-svc: h3=":443"; ma=86400

{
    "postId": 1,
    "name": "Test User",
    "email": "test@example.com",
    "body": "This is a test comment.",
    "id": 501
}
]]></system-out>
  </testcase>
</testsuite>